2022-12-05 23:26:54 0 [Note] InnoDB: The first innodb_system data file 'ibdata1' did not exist. A new tablespace will be created!
2022-12-05 23:26:54 0 [Note] InnoDB: Mutexes and rw_locks use Windows interlocked functions
2022-12-05 23:26:54 0 [Note] InnoDB: Uses event mutexes
2022-12-05 23:26:54 0 [Note] InnoDB: Compressed tables use zlib 1.2.11
2022-12-05 23:26:54 0 [Note] InnoDB: Number of pools: 1
2022-12-05 23:26:54 0 [Note] InnoDB: Using SSE2 crc32 instructions
2022-12-05 23:26:54 0 [Note] InnoDB: Initializing buffer pool, total size = 16M, instances = 1, chunk size = 16M
2022-12-05 23:26:54 0 [Note] InnoDB: Completed initialization of buffer pool
2022-12-05 23:26:54 0 [Note] InnoDB: Setting file 'C:\Users\Hajid\Desktop\do not move\mysql\data\ibdata1' size to 10 MB. Physically writing the file full; Please wait ...
2022-12-05 23:26:54 0 [Note] InnoDB: File 'C:\Users\Hajid\Desktop\do not move\mysql\data\ibdata1' size is now 10 MB.
2022-12-05 23:26:54 0 [Note] InnoDB: Setting log file C:\Users\Hajid\Desktop\do not move\mysql\data\ib_logfile101 size to 5242880 bytes
2022-12-05 23:26:54 0 [Note] InnoDB: Setting log file C:\Users\Hajid\Desktop\do not move\mysql\data\ib_logfile1 size to 5242880 bytes
2022-12-05 23:26:54 0 [Note] InnoDB: Renaming log file C:\Users\Hajid\Desktop\do not move\mysql\data\ib_logfile101 to C:\Users\Hajid\Desktop\do not move\mysql\data\ib_logfile0
2022-12-05 23:26:54 0 [Note] InnoDB: New log files created, LSN=11451
2022-12-05 23:26:54 0 [Note] InnoDB: Doublewrite buffer not found: creating new
2022-12-05 23:26:54 0 [Note] InnoDB: Doublewrite buffer created
2022-12-05 23:26:54 0 [Note] InnoDB: 128 out of 128 rollback segments are active.
2022-12-05 23:26:54 0 [Note] InnoDB: Creating foreign key constraint system tables.
2022-12-05 23:26:54 0 [Note] InnoDB: Creating tablespace and datafile system tables.
2022-12-05 23:26:54 0 [Note] InnoDB: Creating sys_virtual system tables.
2022-12-05 23:26:54 0 [Note] InnoDB: Creating shared tablespace for temporary tables
2022-12-05 23:26:54 0 [Note] InnoDB: Setting file 'C:\Users\Hajid\Desktop\do not move\mysql\data\ibtmp1' size to 12 MB. Physically writing the file full; Please wait ...
2022-12-05 23:26:54 0 [Note] InnoDB: File 'C:\Users\Hajid\Desktop\do not move\mysql\data\ibtmp1' size is now 12 MB.
2022-12-05 23:26:54 0 [Note] InnoDB: Waiting for purge to start
2022-12-05 23:26:54 0 [Note] InnoDB: 10.4.25 started; log sequence number 0; transaction id 7
2022-12-05 23:26:54 0 [Note] Plugin 'FEEDBACK' is disabled.
2022-12-05 23:26:54 0 [Note] Zerofilling moved table:  '.\mysql\plugin'
2022-12-05 23:26:54 0 [Note] Zerofilling moved table:  '.\mysql\servers'
2022-12-05 23:26:54 0 [Note] Server socket created on IP: '::'.
2022-12-05 23:26:56 0 [Note] InnoDB: Mutexes and rw_locks use Windows interlocked functions
2022-12-05 23:26:56 0 [Note] InnoDB: Uses event mutexes
2022-12-05 23:26:56 0 [Note] InnoDB: Compressed tables use zlib 1.2.11
2022-12-05 23:26:56 0 [Note] InnoDB: Number of pools: 1
2022-12-05 23:26:56 0 [Note] InnoDB: Using SSE2 crc32 instructions
2022-12-05 23:26:56 0 [Note] InnoDB: Initializing buffer pool, total size = 16M, instances = 1, chunk size = 16M
2022-12-05 23:26:56 0 [Note] InnoDB: Completed initialization of buffer pool
2022-12-05 23:26:56 0 [Note] InnoDB: 128 out of 128 rollback segments are active.
2022-12-05 23:26:56 0 [Note] InnoDB: Creating shared tablespace for temporary tables
2022-12-05 23:26:56 0 [Note] InnoDB: Setting file 'C:\Users\Hajid\Desktop\do not move\mysql\data\ibtmp1' size to 12 MB. Physically writing the file full; Please wait ...
2022-12-05 23:26:56 0 [Note] InnoDB: File 'C:\Users\Hajid\Desktop\do not move\mysql\data\ibtmp1' size is now 12 MB.
2022-12-05 23:26:56 0 [Note] InnoDB: Waiting for purge to start
2022-12-05 23:26:56 0 [Note] InnoDB: 10.4.25 started; log sequence number 47054; transaction id 8
2022-12-05 23:26:56 0 [Note] InnoDB: Loading buffer pool(s) from C:\Users\Hajid\Desktop\do not move\mysql\data\ib_buffer_pool
2022-12-05 23:26:56 0 [Note] Plugin 'FEEDBACK' is disabled.
2022-12-05 23:26:56 0 [Note] InnoDB: Buffer pool(s) load completed at 221205 23:26:56
2022-12-05 23:26:56 0 [Note] Server socket created on IP: '::'.
2022-12-05 23:26:59 0 [Note] InnoDB: Mutexes and rw_locks use Windows interlocked functions
2022-12-05 23:26:59 0 [Note] InnoDB: Uses event mutexes
2022-12-05 23:26:59 0 [Note] InnoDB: Compressed tables use zlib 1.2.11
2022-12-05 23:26:59 0 [Note] InnoDB: Number of pools: 1
2022-12-05 23:26:59 0 [Note] InnoDB: Using SSE2 crc32 instructions
2022-12-05 23:26:59 0 [Note] InnoDB: Initializing buffer pool, total size = 16M, instances = 1, chunk size = 16M
2022-12-05 23:26:59 0 [Note] InnoDB: Completed initialization of buffer pool
2022-12-05 23:26:59 0 [Note] InnoDB: 128 out of 128 rollback segments are active.
2022-12-05 23:26:59 0 [Note] InnoDB: Creating shared tablespace for temporary tables
2022-12-05 23:26:59 0 [Note] InnoDB: Setting file 'C:\Users\Hajid\Desktop\do not move\mysql\data\ibtmp1' size to 12 MB. Physically writing the file full; Please wait ...
2022-12-05 23:26:59 0 [Note] InnoDB: File 'C:\Users\Hajid\Desktop\do not move\mysql\data\ibtmp1' size is now 12 MB.
2022-12-05 23:26:59 0 [Note] InnoDB: Waiting for purge to start
2022-12-05 23:26:59 0 [Note] InnoDB: 10.4.25 started; log sequence number 47063; transaction id 8
2022-12-05 23:26:59 0 [Note] InnoDB: Loading buffer pool(s) from C:\Users\Hajid\Desktop\do not move\mysql\data\ib_buffer_pool
2022-12-05 23:26:59 0 [Note] Plugin 'FEEDBACK' is disabled.
2022-12-05 23:26:59 0 [Note] InnoDB: Buffer pool(s) load completed at 221205 23:26:59
2022-12-05 23:26:59 0 [Note] Server socket created on IP: '::'.
2022-12-05 23:27:02 0 [Note] InnoDB: Mutexes and rw_locks use Windows interlocked functions
2022-12-05 23:27:02 0 [Note] InnoDB: Uses event mutexes
2022-12-05 23:27:02 0 [Note] InnoDB: Compressed tables use zlib 1.2.11
2022-12-05 23:27:02 0 [Note] InnoDB: Number of pools: 1
2022-12-05 23:27:02 0 [Note] InnoDB: Using SSE2 crc32 instructions
2022-12-05 23:27:02 0 [Note] InnoDB: Initializing buffer pool, total size = 16M, instances = 1, chunk size = 16M
2022-12-05 23:27:02 0 [Note] InnoDB: Completed initialization of buffer pool
2022-12-05 23:27:02 0 [Note] InnoDB: 128 out of 128 rollback segments are active.
2022-12-05 23:27:02 0 [Note] InnoDB: Creating shared tablespace for temporary tables
2022-12-05 23:27:02 0 [Note] InnoDB: Setting file 'C:\Users\Hajid\Desktop\do not move\mysql\data\ibtmp1' size to 12 MB. Physically writing the file full; Please wait ...
2022-12-05 23:27:02 0 [Note] InnoDB: File 'C:\Users\Hajid\Desktop\do not move\mysql\data\ibtmp1' size is now 12 MB.
2022-12-05 23:27:02 0 [Note] InnoDB: Waiting for purge to start
2022-12-05 23:27:02 0 [Note] InnoDB: 10.4.25 started; log sequence number 47072; transaction id 8
2022-12-05 23:27:02 0 [Note] InnoDB: Loading buffer pool(s) from C:\Users\Hajid\Desktop\do not move\mysql\data\ib_buffer_pool
2022-12-05 23:27:02 0 [Note] Plugin 'FEEDBACK' is disabled.
2022-12-05 23:27:02 0 [Note] InnoDB: Buffer pool(s) load completed at 221205 23:27:02
2022-12-05 23:27:02 0 [Note] Server socket created on IP: '::'.
2022-12-05 23:27:23 0 [Note] InnoDB: Mutexes and rw_locks use Windows interlocked functions
2022-12-05 23:27:23 0 [Note] InnoDB: Uses event mutexes
2022-12-05 23:27:23 0 [Note] InnoDB: Compressed tables use zlib 1.2.11
2022-12-05 23:27:23 0 [Note] InnoDB: Number of pools: 1
2022-12-05 23:27:23 0 [Note] InnoDB: Using SSE2 crc32 instructions
2022-12-05 23:27:23 0 [Note] InnoDB: Initializing buffer pool, total size = 16M, instances = 1, chunk size = 16M
2022-12-05 23:27:23 0 [Note] InnoDB: Completed initialization of buffer pool
2022-12-05 23:27:23 0 [Note] InnoDB: 128 out of 128 rollback segments are active.
2022-12-05 23:27:23 0 [Note] InnoDB: Creating shared tablespace for temporary tables
2022-12-05 23:27:23 0 [Note] InnoDB: Setting file 'C:\Users\Hajid\Desktop\do not move\mysql\data\ibtmp1' size to 12 MB. Physically writing the file full; Please wait ...
2022-12-05 23:27:23 0 [Note] InnoDB: File 'C:\Users\Hajid\Desktop\do not move\mysql\data\ibtmp1' size is now 12 MB.
2022-12-05 23:27:23 0 [Note] InnoDB: Waiting for purge to start
2022-12-05 23:27:23 0 [Note] InnoDB: 10.4.25 started; log sequence number 47081; transaction id 8
2022-12-05 23:27:23 0 [Note] InnoDB: Loading buffer pool(s) from C:\Users\Hajid\Desktop\do not move\mysql\data\ib_buffer_pool
2022-12-05 23:27:23 0 [Note] Plugin 'FEEDBACK' is disabled.
2022-12-05 23:27:23 0 [Note] InnoDB: Buffer pool(s) load completed at 221205 23:27:23
2022-12-05 23:27:23 0 [Note] Server socket created on IP: '::'.
2022-12-05 23:28:17 0 [Note] InnoDB: Mutexes and rw_locks use Windows interlocked functions
2022-12-05 23:28:17 0 [Note] InnoDB: Uses event mutexes
2022-12-05 23:28:17 0 [Note] InnoDB: Compressed tables use zlib 1.2.11
2022-12-05 23:28:17 0 [Note] InnoDB: Number of pools: 1
2022-12-05 23:28:17 0 [Note] InnoDB: Using SSE2 crc32 instructions
2022-12-05 23:28:17 0 [Note] InnoDB: Initializing buffer pool, total size = 16M, instances = 1, chunk size = 16M
2022-12-05 23:28:17 0 [Note] InnoDB: Completed initialization of buffer pool
2022-12-05 23:28:17 0 [Note] InnoDB: 128 out of 128 rollback segments are active.
2022-12-05 23:28:17 0 [Note] InnoDB: Creating shared tablespace for temporary tables
2022-12-05 23:28:17 0 [Note] InnoDB: Setting file 'C:\Users\Hajid\Desktop\do not move\mysql\data\ibtmp1' size to 12 MB. Physically writing the file full; Please wait ...
2022-12-05 23:28:17 0 [Note] InnoDB: File 'C:\Users\Hajid\Desktop\do not move\mysql\data\ibtmp1' size is now 12 MB.
2022-12-05 23:28:17 0 [Note] InnoDB: Waiting for purge to start
2022-12-05 23:28:17 0 [Note] InnoDB: 10.4.25 started; log sequence number 47090; transaction id 8
2022-12-05 23:28:17 0 [Note] InnoDB: Loading buffer pool(s) from C:\Users\Hajid\Desktop\do not move\mysql\data\ib_buffer_pool
2022-12-05 23:28:17 0 [Note] Plugin 'FEEDBACK' is disabled.
2022-12-05 23:28:17 0 [Note] InnoDB: Buffer pool(s) load completed at 221205 23:28:17
2022-12-05 23:28:17 0 [Note] Server socket created on IP: '::'.
2022-12-05 23:28:17 0 [ERROR] Can't start server: Bind on TCP/IP port. Got error: 10048: Only one usage of each socket address (protocol/network address/port) is normally permitted.

2022-12-05 23:28:17 0 [ERROR] Do you already have another mysqld server running on port: 3306 ?
2022-12-05 23:28:17 0 [ERROR] Aborting
2022-12-05 23:28:20 0 [Note] InnoDB: Mutexes and rw_locks use Windows interlocked functions
2022-12-05 23:28:20 0 [Note] InnoDB: Uses event mutexes
2022-12-05 23:28:20 0 [Note] InnoDB: Compressed tables use zlib 1.2.11
2022-12-05 23:28:20 0 [Note] InnoDB: Number of pools: 1
2022-12-05 23:28:20 0 [Note] InnoDB: Using SSE2 crc32 instructions
2022-12-05 23:28:20 0 [Note] InnoDB: Initializing buffer pool, total size = 16M, instances = 1, chunk size = 16M
2022-12-05 23:28:20 0 [Note] InnoDB: Completed initialization of buffer pool
2022-12-05 23:28:20 0 [Note] InnoDB: 128 out of 128 rollback segments are active.
2022-12-05 23:28:20 0 [Note] InnoDB: Creating shared tablespace for temporary tables
2022-12-05 23:28:20 0 [Note] InnoDB: Setting file 'C:\Users\Hajid\Desktop\do not move\mysql\data\ibtmp1' size to 12 MB. Physically writing the file full; Please wait ...
2022-12-05 23:28:20 0 [Note] InnoDB: File 'C:\Users\Hajid\Desktop\do not move\mysql\data\ibtmp1' size is now 12 MB.
2022-12-05 23:28:20 0 [Note] InnoDB: Waiting for purge to start
2022-12-05 23:28:20 0 [Note] InnoDB: 10.4.25 started; log sequence number 47099; transaction id 8
2022-12-05 23:28:20 0 [Note] InnoDB: Loading buffer pool(s) from C:\Users\Hajid\Desktop\do not move\mysql\data\ib_buffer_pool
2022-12-05 23:28:20 0 [Note] Plugin 'FEEDBACK' is disabled.
2022-12-05 23:28:20 0 [Note] InnoDB: Buffer pool(s) load completed at 221205 23:28:20
2022-12-05 23:28:20 0 [Note] Server socket created on IP: '::'.
2022-12-05 23:28:20 0 [ERROR] Can't start server: Bind on TCP/IP port. Got error: 10048: Only one usage of each socket address (protocol/network address/port) is normally permitted.

2022-12-05 23:28:20 0 [ERROR] Do you already have another mysqld server running on port: 3306 ?
2022-12-05 23:28:20 0 [ERROR] Aborting
2022-12-05 23:28:23 0 [Note] InnoDB: Mutexes and rw_locks use Windows interlocked functions
2022-12-05 23:28:23 0 [Note] InnoDB: Uses event mutexes
2022-12-05 23:28:23 0 [Note] InnoDB: Compressed tables use zlib 1.2.11
2022-12-05 23:28:23 0 [Note] InnoDB: Number of pools: 1
2022-12-05 23:28:23 0 [Note] InnoDB: Using SSE2 crc32 instructions
2022-12-05 23:28:23 0 [Note] InnoDB: Initializing buffer pool, total size = 16M, instances = 1, chunk size = 16M
2022-12-05 23:28:23 0 [Note] InnoDB: Completed initialization of buffer pool
2022-12-05 23:28:23 0 [Note] InnoDB: 128 out of 128 rollback segments are active.
2022-12-05 23:28:23 0 [Note] InnoDB: Creating shared tablespace for temporary tables
2022-12-05 23:28:23 0 [Note] InnoDB: Setting file 'C:\Users\Hajid\Desktop\do not move\mysql\data\ibtmp1' size to 12 MB. Physically writing the file full; Please wait ...
2022-12-05 23:28:23 0 [Note] InnoDB: File 'C:\Users\Hajid\Desktop\do not move\mysql\data\ibtmp1' size is now 12 MB.
2022-12-05 23:28:23 0 [Note] InnoDB: Waiting for purge to start
2022-12-05 23:28:23 0 [Note] InnoDB: 10.4.25 started; log sequence number 47124; transaction id 8
2022-12-05 23:28:23 0 [Note] InnoDB: Loading buffer pool(s) from C:\Users\Hajid\Desktop\do not move\mysql\data\ib_buffer_pool
2022-12-05 23:28:23 0 [Note] Plugin 'FEEDBACK' is disabled.
2022-12-05 23:28:23 0 [Note] InnoDB: Buffer pool(s) load completed at 221205 23:28:23
2022-12-05 23:28:23 0 [Note] Server socket created on IP: '::'.
2022-12-05 23:28:23 0 [ERROR] Can't start server: Bind on TCP/IP port. Got error: 10048: Only one usage of each socket address (protocol/network address/port) is normally permitted.

2022-12-05 23:28:23 0 [ERROR] Do you already have another mysqld server running on port: 3306 ?
2022-12-05 23:28:23 0 [ERROR] Aborting
2022-12-05 23:30:04 0 [Note] InnoDB: Mutexes and rw_locks use Windows interlocked functions
2022-12-05 23:30:04 0 [Note] InnoDB: Uses event mutexes
2022-12-05 23:30:04 0 [Note] InnoDB: Compressed tables use zlib 1.2.11
2022-12-05 23:30:04 0 [Note] InnoDB: Number of pools: 1
2022-12-05 23:30:04 0 [Note] InnoDB: Using SSE2 crc32 instructions
2022-12-05 23:30:04 0 [Note] InnoDB: Initializing buffer pool, total size = 16M, instances = 1, chunk size = 16M
2022-12-05 23:30:04 0 [Note] InnoDB: Completed initialization of buffer pool
2022-12-05 23:30:04 0 [Note] InnoDB: 128 out of 128 rollback segments are active.
2022-12-05 23:30:04 0 [Note] InnoDB: Creating shared tablespace for temporary tables
2022-12-05 23:30:04 0 [Note] InnoDB: Setting file 'C:\Users\Hajid\Desktop\do not move\mysql\data\ibtmp1' size to 12 MB. Physically writing the file full; Please wait ...
2022-12-05 23:30:04 0 [Note] InnoDB: File 'C:\Users\Hajid\Desktop\do not move\mysql\data\ibtmp1' size is now 12 MB.
2022-12-05 23:30:04 0 [Note] InnoDB: Waiting for purge to start
2022-12-05 23:30:04 0 [Note] InnoDB: 10.4.25 started; log sequence number 47133; transaction id 8
2022-12-05 23:30:04 0 [Note] InnoDB: Loading buffer pool(s) from C:\Users\Hajid\Desktop\do not move\mysql\data\ib_buffer_pool
2022-12-05 23:30:04 0 [Note] Plugin 'FEEDBACK' is disabled.
2022-12-05 23:30:04 0 [Note] InnoDB: Buffer pool(s) load completed at 221205 23:30:04
2022-12-05 23:30:04 0 [Note] Server socket created on IP: '::'.
2022-12-05 23:30:04 0 [ERROR] Can't start server: Bind on TCP/IP port. Got error: 10048: Only one usage of each socket address (protocol/network address/port) is normally permitted.

2022-12-05 23:30:04 0 [ERROR] Do you already have another mysqld server running on port: 3306 ?
2022-12-05 23:30:04 0 [ERROR] Aborting
2022-12-05 23:30:06 0 [Note] InnoDB: Mutexes and rw_locks use Windows interlocked functions
2022-12-05 23:30:06 0 [Note] InnoDB: Uses event mutexes
2022-12-05 23:30:06 0 [Note] InnoDB: Compressed tables use zlib 1.2.11
2022-12-05 23:30:06 0 [Note] InnoDB: Number of pools: 1
2022-12-05 23:30:06 0 [Note] InnoDB: Using SSE2 crc32 instructions
2022-12-05 23:30:06 0 [Note] InnoDB: Initializing buffer pool, total size = 16M, instances = 1, chunk size = 16M
2022-12-05 23:30:06 0 [Note] InnoDB: Completed initialization of buffer pool
2022-12-05 23:30:06 0 [Note] InnoDB: 128 out of 128 rollback segments are active.
2022-12-05 23:30:06 0 [Note] InnoDB: Creating shared tablespace for temporary tables
2022-12-05 23:30:06 0 [Note] InnoDB: Setting file 'C:\Users\Hajid\Desktop\do not move\mysql\data\ibtmp1' size to 12 MB. Physically writing the file full; Please wait ...
2022-12-05 23:30:06 0 [Note] InnoDB: File 'C:\Users\Hajid\Desktop\do not move\mysql\data\ibtmp1' size is now 12 MB.
2022-12-05 23:30:06 0 [Note] InnoDB: Waiting for purge to start
2022-12-05 23:30:07 0 [Note] InnoDB: 10.4.25 started; log sequence number 47142; transaction id 8
2022-12-05 23:30:07 0 [Note] InnoDB: Loading buffer pool(s) from C:\Users\Hajid\Desktop\do not move\mysql\data\ib_buffer_pool
2022-12-05 23:30:07 0 [Note] Plugin 'FEEDBACK' is disabled.
2022-12-05 23:30:07 0 [Note] InnoDB: Buffer pool(s) load completed at 221205 23:30:07
2022-12-05 23:30:07 0 [Note] Server socket created on IP: '::'.
2022-12-05 23:30:07 0 [ERROR] Can't start server: Bind on TCP/IP port. Got error: 10048: Only one usage of each socket address (protocol/network address/port) is normally permitted.

2022-12-05 23:30:07 0 [ERROR] Do you already have another mysqld server running on port: 3306 ?
2022-12-05 23:30:07 0 [ERROR] Aborting
2022-12-05 23:30:09 0 [Note] InnoDB: Mutexes and rw_locks use Windows interlocked functions
2022-12-05 23:30:09 0 [Note] InnoDB: Uses event mutexes
2022-12-05 23:30:09 0 [Note] InnoDB: Compressed tables use zlib 1.2.11
2022-12-05 23:30:09 0 [Note] InnoDB: Number of pools: 1
2022-12-05 23:30:09 0 [Note] InnoDB: Using SSE2 crc32 instructions
2022-12-05 23:30:09 0 [Note] InnoDB: Initializing buffer pool, total size = 16M, instances = 1, chunk size = 16M
2022-12-05 23:30:09 0 [Note] InnoDB: Completed initialization of buffer pool
2022-12-05 23:30:09 0 [Note] InnoDB: 128 out of 128 rollback segments are active.
2022-12-05 23:30:09 0 [Note] InnoDB: Creating shared tablespace for temporary tables
2022-12-05 23:30:09 0 [Note] InnoDB: Setting file 'C:\Users\Hajid\Desktop\do not move\mysql\data\ibtmp1' size to 12 MB. Physically writing the file full; Please wait ...
2022-12-05 23:30:09 0 [Note] InnoDB: File 'C:\Users\Hajid\Desktop\do not move\mysql\data\ibtmp1' size is now 12 MB.
2022-12-05 23:30:09 0 [Note] InnoDB: Waiting for purge to start
2022-12-05 23:30:09 0 [Note] InnoDB: 10.4.25 started; log sequence number 47151; transaction id 8
2022-12-05 23:30:09 0 [Note] InnoDB: Loading buffer pool(s) from C:\Users\Hajid\Desktop\do not move\mysql\data\ib_buffer_pool
2022-12-05 23:30:09 0 [Note] Plugin 'FEEDBACK' is disabled.
2022-12-05 23:30:09 0 [Note] InnoDB: Buffer pool(s) load completed at 221205 23:30:09
2022-12-05 23:30:09 0 [Note] Server socket created on IP: '::'.
2022-12-05 23:30:09 0 [ERROR] Can't start server: Bind on TCP/IP port. Got error: 10048: Only one usage of each socket address (protocol/network address/port) is normally permitted.

2022-12-05 23:30:09 0 [ERROR] Do you already have another mysqld server running on port: 3306 ?
2022-12-05 23:30:09 0 [ERROR] Aborting
2022-12-06 17:13:08 0 [Note] InnoDB: Mutexes and rw_locks use Windows interlocked functions
2022-12-06 17:13:08 0 [Note] InnoDB: Uses event mutexes
2022-12-06 17:13:08 0 [Note] InnoDB: Compressed tables use zlib 1.2.11
2022-12-06 17:13:08 0 [Note] InnoDB: Number of pools: 1
2022-12-06 17:13:08 0 [Note] InnoDB: Using SSE2 crc32 instructions
2022-12-06 17:13:08 0 [Note] InnoDB: Initializing buffer pool, total size = 16M, instances = 1, chunk size = 16M
2022-12-06 17:13:08 0 [Note] InnoDB: Completed initialization of buffer pool
2022-12-06 17:13:08 0 [Note] InnoDB: 128 out of 128 rollback segments are active.
2022-12-06 17:13:08 0 [Note] InnoDB: Creating shared tablespace for temporary tables
2022-12-06 17:13:08 0 [Note] InnoDB: Setting file 'C:\Users\Hajid\Desktop\do not move\mysql\data\ibtmp1' size to 12 MB. Physically writing the file full; Please wait ...
2022-12-06 17:13:08 0 [Note] InnoDB: File 'C:\Users\Hajid\Desktop\do not move\mysql\data\ibtmp1' size is now 12 MB.
2022-12-06 17:13:08 0 [Note] InnoDB: Waiting for purge to start
2022-12-06 17:13:08 0 [Note] InnoDB: 10.4.25 started; log sequence number 47160; transaction id 8
2022-12-06 17:13:08 0 [Note] InnoDB: Loading buffer pool(s) from C:\Users\Hajid\Desktop\do not move\mysql\data\ib_buffer_pool
2022-12-06 17:13:08 0 [Note] Plugin 'FEEDBACK' is disabled.
2022-12-06 17:13:08 0 [Note] InnoDB: Buffer pool(s) load completed at 221206 17:13:08
2022-12-06 17:13:08 0 [Note] Server socket created on IP: '::'.
2022-12-06 17:13:08 0 [ERROR] Can't start server: Bind on TCP/IP port. Got error: 10048: Only one usage of each socket address (protocol/network address/port) is normally permitted.

2022-12-06 17:13:08 0 [ERROR] Do you already have another mysqld server running on port: 3306 ?
2022-12-06 17:13:08 0 [ERROR] Aborting
2022-12-06 17:13:13 0 [Note] InnoDB: Mutexes and rw_locks use Windows interlocked functions
2022-12-06 17:13:13 0 [Note] InnoDB: Uses event mutexes
2022-12-06 17:13:13 0 [Note] InnoDB: Compressed tables use zlib 1.2.11
2022-12-06 17:13:13 0 [Note] InnoDB: Number of pools: 1
2022-12-06 17:13:13 0 [Note] InnoDB: Using SSE2 crc32 instructions
2022-12-06 17:13:13 0 [Note] InnoDB: Initializing buffer pool, total size = 16M, instances = 1, chunk size = 16M
2022-12-06 17:13:13 0 [Note] InnoDB: Completed initialization of buffer pool
2022-12-06 17:13:13 0 [Note] InnoDB: 128 out of 128 rollback segments are active.
2022-12-06 17:13:13 0 [Note] InnoDB: Creating shared tablespace for temporary tables
2022-12-06 17:13:13 0 [Note] InnoDB: Setting file 'C:\Users\Hajid\Desktop\do not move\mysql\data\ibtmp1' size to 12 MB. Physically writing the file full; Please wait ...
2022-12-06 17:13:13 0 [Note] InnoDB: File 'C:\Users\Hajid\Desktop\do not move\mysql\data\ibtmp1' size is now 12 MB.
2022-12-06 17:13:13 0 [Note] InnoDB: Waiting for purge to start
2022-12-06 17:13:13 0 [Note] InnoDB: 10.4.25 started; log sequence number 47169; transaction id 8
2022-12-06 17:13:13 0 [Note] InnoDB: Loading buffer pool(s) from C:\Users\Hajid\Desktop\do not move\mysql\data\ib_buffer_pool
2022-12-06 17:13:13 0 [Note] Plugin 'FEEDBACK' is disabled.
2022-12-06 17:13:13 0 [Note] InnoDB: Buffer pool(s) load completed at 221206 17:13:13
2022-12-06 17:13:13 0 [Note] Server socket created on IP: '::'.
2022-12-06 17:13:13 0 [ERROR] Can't start server: Bind on TCP/IP port. Got error: 10048: Only one usage of each socket address (protocol/network address/port) is normally permitted.

2022-12-06 17:13:13 0 [ERROR] Do you already have another mysqld server running on port: 3306 ?
2022-12-06 17:13:13 0 [ERROR] Aborting
2022-12-06 17:13:22 0 [Note] InnoDB: Mutexes and rw_locks use Windows interlocked functions
2022-12-06 17:13:22 0 [Note] InnoDB: Uses event mutexes
2022-12-06 17:13:22 0 [Note] InnoDB: Compressed tables use zlib 1.2.11
2022-12-06 17:13:22 0 [Note] InnoDB: Number of pools: 1
2022-12-06 17:13:22 0 [Note] InnoDB: Using SSE2 crc32 instructions
2022-12-06 17:13:22 0 [Note] InnoDB: Initializing buffer pool, total size = 16M, instances = 1, chunk size = 16M
2022-12-06 17:13:22 0 [Note] InnoDB: Completed initialization of buffer pool
2022-12-06 17:13:22 0 [Note] InnoDB: 128 out of 128 rollback segments are active.
2022-12-06 17:13:22 0 [Note] InnoDB: Creating shared tablespace for temporary tables
2022-12-06 17:13:22 0 [Note] InnoDB: Setting file 'C:\Users\Hajid\Desktop\do not move\mysql\data\ibtmp1' size to 12 MB. Physically writing the file full; Please wait ...
2022-12-06 17:13:22 0 [Note] InnoDB: File 'C:\Users\Hajid\Desktop\do not move\mysql\data\ibtmp1' size is now 12 MB.
2022-12-06 17:13:22 0 [Note] InnoDB: Waiting for purge to start
2022-12-06 17:13:22 0 [Note] InnoDB: 10.4.25 started; log sequence number 47178; transaction id 8
2022-12-06 17:13:22 0 [Note] InnoDB: Loading buffer pool(s) from C:\Users\Hajid\Desktop\do not move\mysql\data\ib_buffer_pool
2022-12-06 17:13:22 0 [Note] Plugin 'FEEDBACK' is disabled.
2022-12-06 17:13:22 0 [Note] InnoDB: Buffer pool(s) load completed at 221206 17:13:22
2022-12-06 17:13:22 0 [Note] Server socket created on IP: '::'.
2022-12-06 17:13:22 0 [ERROR] Can't start server: Bind on TCP/IP port. Got error: 10048: Only one usage of each socket address (protocol/network address/port) is normally permitted.

2022-12-06 17:13:22 0 [ERROR] Do you already have another mysqld server running on port: 3306 ?
2022-12-06 17:13:22 0 [ERROR] Aborting
2022-12-06 17:23:44 0 [Note] InnoDB: Mutexes and rw_locks use Windows interlocked functions
2022-12-06 17:23:44 0 [Note] InnoDB: Uses event mutexes
2022-12-06 17:23:44 0 [Note] InnoDB: Compressed tables use zlib 1.2.11
2022-12-06 17:23:44 0 [Note] InnoDB: Number of pools: 1
2022-12-06 17:23:44 0 [Note] InnoDB: Using SSE2 crc32 instructions
2022-12-06 17:23:44 0 [Note] InnoDB: Initializing buffer pool, total size = 16M, instances = 1, chunk size = 16M
2022-12-06 17:23:44 0 [Note] InnoDB: Completed initialization of buffer pool
2022-12-06 17:23:44 0 [Note] InnoDB: 128 out of 128 rollback segments are active.
2022-12-06 17:23:44 0 [Note] InnoDB: Creating shared tablespace for temporary tables
2022-12-06 17:23:44 0 [Note] InnoDB: Setting file 'C:\Users\Hajid\Desktop\do not move\mysql\data\ibtmp1' size to 12 MB. Physically writing the file full; Please wait ...
2022-12-06 17:23:44 0 [Note] InnoDB: File 'C:\Users\Hajid\Desktop\do not move\mysql\data\ibtmp1' size is now 12 MB.
2022-12-06 17:23:44 0 [Note] InnoDB: Waiting for purge to start
2022-12-06 17:23:44 0 [Note] InnoDB: 10.4.25 started; log sequence number 47187; transaction id 8
2022-12-06 17:23:44 0 [Note] InnoDB: Loading buffer pool(s) from C:\Users\Hajid\Desktop\do not move\mysql\data\ib_buffer_pool
2022-12-06 17:23:44 0 [Note] Plugin 'FEEDBACK' is disabled.
2022-12-06 17:23:44 0 [Note] InnoDB: Buffer pool(s) load completed at 221206 17:23:44
2022-12-06 17:23:44 0 [Note] Server socket created on IP: '::'.
2022-12-06 17:24:27 0 [Note] InnoDB: Mutexes and rw_locks use Windows interlocked functions
2022-12-06 17:24:27 0 [Note] InnoDB: Uses event mutexes
2022-12-06 17:24:27 0 [Note] InnoDB: Compressed tables use zlib 1.2.11
2022-12-06 17:24:27 0 [Note] InnoDB: Number of pools: 1
2022-12-06 17:24:27 0 [Note] InnoDB: Using SSE2 crc32 instructions
2022-12-06 17:24:27 0 [Note] InnoDB: Initializing buffer pool, total size = 16M, instances = 1, chunk size = 16M
2022-12-06 17:24:27 0 [Note] InnoDB: Completed initialization of buffer pool
2022-12-06 17:24:27 0 [Note] InnoDB: 128 out of 128 rollback segments are active.
2022-12-06 17:24:27 0 [Note] InnoDB: Creating shared tablespace for temporary tables
2022-12-06 17:24:27 0 [Note] InnoDB: Setting file 'C:\Users\Hajid\Desktop\do not move\mysql\data\ibtmp1' size to 12 MB. Physically writing the file full; Please wait ...
2022-12-06 17:24:27 0 [Note] InnoDB: File 'C:\Users\Hajid\Desktop\do not move\mysql\data\ibtmp1' size is now 12 MB.
2022-12-06 17:24:27 0 [Note] InnoDB: 10.4.25 started; log sequence number 47196; transaction id 8
2022-12-06 17:24:27 0 [Note] InnoDB: Loading buffer pool(s) from C:\Users\Hajid\Desktop\do not move\mysql\data\ib_buffer_pool
2022-12-06 17:24:27 0 [Note] Plugin 'FEEDBACK' is disabled.
2022-12-06 17:24:27 0 [Note] InnoDB: Buffer pool(s) load completed at 221206 17:24:27
2022-12-06 17:24:27 0 [Note] Server socket created on IP: '::'.
2022-12-06 17:33:30 0 [Note] InnoDB: Mutexes and rw_locks use Windows interlocked functions
2022-12-06 17:33:30 0 [Note] InnoDB: Uses event mutexes
2022-12-06 17:33:30 0 [Note] InnoDB: Compressed tables use zlib 1.2.11
2022-12-06 17:33:30 0 [Note] InnoDB: Number of pools: 1
2022-12-06 17:33:30 0 [Note] InnoDB: Using SSE2 crc32 instructions
2022-12-06 17:33:30 0 [Note] InnoDB: Initializing buffer pool, total size = 16M, instances = 1, chunk size = 16M
2022-12-06 17:33:30 0 [Note] InnoDB: Completed initialization of buffer pool
2022-12-06 17:33:30 0 [Note] InnoDB: 128 out of 128 rollback segments are active.
2022-12-06 17:33:30 0 [Note] InnoDB: Creating shared tablespace for temporary tables
2022-12-06 17:33:30 0 [Note] InnoDB: Setting file 'C:\Users\Hajid\Desktop\do not move\mysql\data\ibtmp1' size to 12 MB. Physically writing the file full; Please wait ...
2022-12-06 17:33:30 0 [Note] InnoDB: File 'C:\Users\Hajid\Desktop\do not move\mysql\data\ibtmp1' size is now 12 MB.
2022-12-06 17:33:30 0 [Note] InnoDB: Waiting for purge to start
2022-12-06 17:33:30 0 [Note] InnoDB: 10.4.25 started; log sequence number 47205; transaction id 8
2022-12-06 17:33:30 0 [Note] InnoDB: Loading buffer pool(s) from C:\Users\Hajid\Desktop\do not move\mysql\data\ib_buffer_pool
2022-12-06 17:33:30 0 [Note] Plugin 'FEEDBACK' is disabled.
2022-12-06 17:33:30 0 [Note] InnoDB: Buffer pool(s) load completed at 221206 17:33:30
2022-12-06 17:33:30 0 [Note] Server socket created on IP: '::'.
2022-12-06 17:34:59 0 [Note] InnoDB: Mutexes and rw_locks use Windows interlocked functions
2022-12-06 17:34:59 0 [Note] InnoDB: Uses event mutexes
2022-12-06 17:34:59 0 [Note] InnoDB: Compressed tables use zlib 1.2.11
2022-12-06 17:34:59 0 [Note] InnoDB: Number of pools: 1
2022-12-06 17:34:59 0 [Note] InnoDB: Using SSE2 crc32 instructions
2022-12-06 17:34:59 0 [Note] InnoDB: Initializing buffer pool, total size = 16M, instances = 1, chunk size = 16M
2022-12-06 17:34:59 0 [Note] InnoDB: Completed initialization of buffer pool
2022-12-06 17:34:59 0 [Note] InnoDB: 128 out of 128 rollback segments are active.
2022-12-06 17:34:59 0 [Note] InnoDB: Creating shared tablespace for temporary tables
2022-12-06 17:34:59 0 [Note] InnoDB: Setting file 'C:\Users\Hajid\Desktop\do not move\mysql\data\ibtmp1' size to 12 MB. Physically writing the file full; Please wait ...
2022-12-06 17:34:59 0 [Note] InnoDB: File 'C:\Users\Hajid\Desktop\do not move\mysql\data\ibtmp1' size is now 12 MB.
2022-12-06 17:34:59 0 [Note] InnoDB: Waiting for purge to start
2022-12-06 17:34:59 0 [Note] InnoDB: 10.4.25 started; log sequence number 47214; transaction id 8
2022-12-06 17:34:59 0 [Note] InnoDB: Loading buffer pool(s) from C:\Users\Hajid\Desktop\do not move\mysql\data\ib_buffer_pool
2022-12-06 17:34:59 0 [Note] Plugin 'FEEDBACK' is disabled.
2022-12-06 17:34:59 0 [Note] InnoDB: Buffer pool(s) load completed at 221206 17:34:59
2022-12-06 17:34:59 0 [Note] Server socket created on IP: '::'.
2022-12-06 18:00:48 0 [Note] InnoDB: Mutexes and rw_locks use Windows interlocked functions
2022-12-06 18:00:48 0 [Note] InnoDB: Uses event mutexes
2022-12-06 18:00:48 0 [Note] InnoDB: Compressed tables use zlib 1.2.11
2022-12-06 18:00:48 0 [Note] InnoDB: Number of pools: 1
2022-12-06 18:00:48 0 [Note] InnoDB: Using SSE2 crc32 instructions
2022-12-06 18:00:48 0 [Note] InnoDB: Initializing buffer pool, total size = 16M, instances = 1, chunk size = 16M
2022-12-06 18:00:48 0 [Note] InnoDB: Completed initialization of buffer pool
2022-12-06 18:00:48 0 [Note] InnoDB: 128 out of 128 rollback segments are active.
2022-12-06 18:00:48 0 [Note] InnoDB: Creating shared tablespace for temporary tables
2022-12-06 18:00:48 0 [Note] InnoDB: Setting file 'C:\Users\Hajid\Desktop\do not move\mysql\data\ibtmp1' size to 12 MB. Physically writing the file full; Please wait ...
2022-12-06 18:00:48 0 [Note] InnoDB: File 'C:\Users\Hajid\Desktop\do not move\mysql\data\ibtmp1' size is now 12 MB.
2022-12-06 18:00:48 0 [Note] InnoDB: Waiting for purge to start
2022-12-06 18:00:48 0 [Note] InnoDB: 10.4.25 started; log sequence number 47223; transaction id 8
2022-12-06 18:00:48 0 [Note] InnoDB: Loading buffer pool(s) from C:\Users\Hajid\Desktop\do not move\mysql\data\ib_buffer_pool
2022-12-06 18:00:48 0 [Note] Plugin 'FEEDBACK' is disabled.
2022-12-06 18:00:48 0 [Note] InnoDB: Buffer pool(s) load completed at 221206 18:00:48
2022-12-06 18:00:48 0 [Note] Server socket created on IP: '::'.
2022-12-06 18:03:13 0 [Note] InnoDB: Mutexes and rw_locks use Windows interlocked functions
2022-12-06 18:03:13 0 [Note] InnoDB: Uses event mutexes
2022-12-06 18:03:13 0 [Note] InnoDB: Compressed tables use zlib 1.2.11
2022-12-06 18:03:13 0 [Note] InnoDB: Number of pools: 1
2022-12-06 18:03:13 0 [Note] InnoDB: Using SSE2 crc32 instructions
2022-12-06 18:03:13 0 [Note] InnoDB: Initializing buffer pool, total size = 16M, instances = 1, chunk size = 16M
2022-12-06 18:03:13 0 [Note] InnoDB: Completed initialization of buffer pool
2022-12-06 18:03:14 0 [Note] InnoDB: 128 out of 128 rollback segments are active.
2022-12-06 18:03:14 0 [Note] InnoDB: Creating shared tablespace for temporary tables
2022-12-06 18:03:14 0 [Note] InnoDB: Setting file 'C:\Users\Hajid\Desktop\do not move\mysql\data\ibtmp1' size to 12 MB. Physically writing the file full; Please wait ...
2022-12-06 18:03:14 0 [Note] InnoDB: File 'C:\Users\Hajid\Desktop\do not move\mysql\data\ibtmp1' size is now 12 MB.
2022-12-06 18:03:14 0 [Note] InnoDB: Waiting for purge to start
2022-12-06 18:03:14 0 [Note] InnoDB: 10.4.25 started; log sequence number 47232; transaction id 8
2022-12-06 18:03:14 0 [Note] Plugin 'FEEDBACK' is disabled.
2022-12-06 18:03:14 0 [Note] InnoDB: Loading buffer pool(s) from C:\Users\Hajid\Desktop\do not move\mysql\data\ib_buffer_pool
2022-12-06 18:03:14 0 [Note] InnoDB: Buffer pool(s) load completed at 221206 18:03:14
2022-12-06 18:03:14 0 [Note] Server socket created on IP: '::'.
2022-12-06 18:04:02 0 [Note] InnoDB: Mutexes and rw_locks use Windows interlocked functions
2022-12-06 18:04:02 0 [Note] InnoDB: Uses event mutexes
2022-12-06 18:04:02 0 [Note] InnoDB: Compressed tables use zlib 1.2.11
2022-12-06 18:04:02 0 [Note] InnoDB: Number of pools: 1
2022-12-06 18:04:02 0 [Note] InnoDB: Using SSE2 crc32 instructions
2022-12-06 18:04:02 0 [Note] InnoDB: Initializing buffer pool, total size = 16M, instances = 1, chunk size = 16M
2022-12-06 18:04:02 0 [Note] InnoDB: Completed initialization of buffer pool
2022-12-06 18:04:02 0 [Note] InnoDB: 128 out of 128 rollback segments are active.
2022-12-06 18:04:02 0 [Note] InnoDB: Creating shared tablespace for temporary tables
2022-12-06 18:04:02 0 [Note] InnoDB: Setting file 'C:\Users\Hajid\Desktop\do not move\mysql\data\ibtmp1' size to 12 MB. Physically writing the file full; Please wait ...
2022-12-06 18:04:02 0 [Note] InnoDB: File 'C:\Users\Hajid\Desktop\do not move\mysql\data\ibtmp1' size is now 12 MB.
2022-12-06 18:04:02 0 [Note] InnoDB: Waiting for purge to start
2022-12-06 18:04:02 0 [Note] InnoDB: 10.4.25 started; log sequence number 47241; transaction id 8
2022-12-06 18:04:02 0 [Note] InnoDB: Loading buffer pool(s) from C:\Users\Hajid\Desktop\do not move\mysql\data\ib_buffer_pool
2022-12-06 18:04:02 0 [Note] Plugin 'FEEDBACK' is disabled.
2022-12-06 18:04:02 0 [Note] InnoDB: Buffer pool(s) load completed at 221206 18:04:02
2022-12-06 18:04:02 0 [Note] Server socket created on IP: '::'.
2022-12-06 18:04:21 0 [Note] InnoDB: Mutexes and rw_locks use Windows interlocked functions
2022-12-06 18:04:21 0 [Note] InnoDB: Uses event mutexes
2022-12-06 18:04:21 0 [Note] InnoDB: Compressed tables use zlib 1.2.11
2022-12-06 18:04:21 0 [Note] InnoDB: Number of pools: 1
2022-12-06 18:04:21 0 [Note] InnoDB: Using SSE2 crc32 instructions
2022-12-06 18:04:21 0 [Note] InnoDB: Initializing buffer pool, total size = 16M, instances = 1, chunk size = 16M
2022-12-06 18:04:21 0 [Note] InnoDB: Completed initialization of buffer pool
2022-12-06 18:04:21 0 [Note] InnoDB: 128 out of 128 rollback segments are active.
2022-12-06 18:04:21 0 [Note] InnoDB: Creating shared tablespace for temporary tables
2022-12-06 18:04:21 0 [Note] InnoDB: Setting file 'C:\Users\Hajid\Desktop\do not move\mysql\data\ibtmp1' size to 12 MB. Physically writing the file full; Please wait ...
2022-12-06 18:04:21 0 [Note] InnoDB: File 'C:\Users\Hajid\Desktop\do not move\mysql\data\ibtmp1' size is now 12 MB.
2022-12-06 18:04:21 0 [Note] InnoDB: Waiting for purge to start
2022-12-06 18:04:21 0 [Note] InnoDB: 10.4.25 started; log sequence number 47250; transaction id 8
2022-12-06 18:04:21 0 [Note] InnoDB: Loading buffer pool(s) from C:\Users\Hajid\Desktop\do not move\mysql\data\ib_buffer_pool
2022-12-06 18:04:21 0 [Note] Plugin 'FEEDBACK' is disabled.
2022-12-06 18:04:21 0 [Note] InnoDB: Buffer pool(s) load completed at 221206 18:04:21
2022-12-06 18:04:21 0 [Note] Server socket created on IP: '::'.
2022-12-06 18:04:24 0 [Note] InnoDB: Mutexes and rw_locks use Windows interlocked functions
2022-12-06 18:04:24 0 [Note] InnoDB: Uses event mutexes
2022-12-06 18:04:24 0 [Note] InnoDB: Compressed tables use zlib 1.2.11
2022-12-06 18:04:24 0 [Note] InnoDB: Number of pools: 1
2022-12-06 18:04:24 0 [Note] InnoDB: Using SSE2 crc32 instructions
2022-12-06 18:04:24 0 [Note] InnoDB: Initializing buffer pool, total size = 16M, instances = 1, chunk size = 16M
2022-12-06 18:04:24 0 [Note] InnoDB: Completed initialization of buffer pool
2022-12-06 18:04:24 0 [Note] InnoDB: 128 out of 128 rollback segments are active.
2022-12-06 18:04:24 0 [Note] InnoDB: Creating shared tablespace for temporary tables
2022-12-06 18:04:24 0 [Note] InnoDB: Setting file 'C:\Users\Hajid\Desktop\do not move\mysql\data\ibtmp1' size to 12 MB. Physically writing the file full; Please wait ...
2022-12-06 18:04:24 0 [Note] InnoDB: File 'C:\Users\Hajid\Desktop\do not move\mysql\data\ibtmp1' size is now 12 MB.
2022-12-06 18:04:24 0 [Note] InnoDB: Waiting for purge to start
2022-12-06 18:04:24 0 [Note] InnoDB: 10.4.25 started; log sequence number 47259; transaction id 8
2022-12-06 18:04:24 0 [Note] InnoDB: Loading buffer pool(s) from C:\Users\Hajid\Desktop\do not move\mysql\data\ib_buffer_pool
2022-12-06 18:04:24 0 [Note] Plugin 'FEEDBACK' is disabled.
2022-12-06 18:04:24 0 [Note] InnoDB: Buffer pool(s) load completed at 221206 18:04:24
2022-12-06 18:04:24 0 [Note] Server socket created on IP: '::'.
2022-12-06 18:05:02 0 [Note] InnoDB: Mutexes and rw_locks use Windows interlocked functions
2022-12-06 18:05:02 0 [Note] InnoDB: Uses event mutexes
2022-12-06 18:05:02 0 [Note] InnoDB: Compressed tables use zlib 1.2.11
2022-12-06 18:05:02 0 [Note] InnoDB: Number of pools: 1
2022-12-06 18:05:02 0 [Note] InnoDB: Using SSE2 crc32 instructions
2022-12-06 18:05:02 0 [Note] InnoDB: Initializing buffer pool, total size = 16M, instances = 1, chunk size = 16M
2022-12-06 18:05:02 0 [Note] InnoDB: Completed initialization of buffer pool
2022-12-06 18:05:02 0 [Note] InnoDB: 128 out of 128 rollback segments are active.
2022-12-06 18:05:02 0 [Note] InnoDB: Creating shared tablespace for temporary tables
2022-12-06 18:05:02 0 [Note] InnoDB: Setting file 'C:\Users\Hajid\Desktop\do not move\mysql\data\ibtmp1' size to 12 MB. Physically writing the file full; Please wait ...
2022-12-06 18:05:02 0 [Note] InnoDB: File 'C:\Users\Hajid\Desktop\do not move\mysql\data\ibtmp1' size is now 12 MB.
2022-12-06 18:05:02 0 [Note] InnoDB: 10.4.25 started; log sequence number 47268; transaction id 8
2022-12-06 18:05:02 0 [Note] InnoDB: Loading buffer pool(s) from C:\Users\Hajid\Desktop\do not move\mysql\data\ib_buffer_pool
2022-12-06 18:05:02 0 [Note] Plugin 'FEEDBACK' is disabled.
2022-12-06 18:05:02 0 [Note] InnoDB: Buffer pool(s) load completed at 221206 18:05:02
2022-12-06 18:05:02 0 [Note] Server socket created on IP: '::'.
